<?xml version="1.0" encoding="UTF-8"?>
<!-- Generated by org.testng.reporters.JUnitReportReporter -->
<testsuite skipped="0" hostname="MacBook-Pro-admin.local" name="qaclickacademy.MavenJava.AppiumTest" tests="2" failures="0" timestamp="2021-01-10T19:04:58 EET" time="0.000" errors="0">
  <testcase name="iOSapp" time="0.000" classname="qaclickacademy.MavenJava.AppiumTest"/>
  <system-out/>
  <testcase name="nativeAppAndroid" time="0.000" classname="qaclickacademy.MavenJava.AppiumTest"/>
  <system-out/>
</testsuite> <!-- qaclickacademy.MavenJava.AppiumTest -->
