<?xml version="1.0" encoding="UTF-8"?>
<!-- Generated by org.testng.reporters.JUnitReportReporter -->
<testsuite skipped="0" hostname="MacBook-Pro-admin.local" name="qaclickacademy.MavenJava.RestApiTest" tests="2" failures="0" timestamp="2021-01-10T19:05:26 EET" time="0.007" errors="0">
  <testcase name="postJira" time="0.001" classname="qaclickacademy.MavenJava.RestApiTest"/>
  <system-out/>
  <testcase name="deleteTwitter" time="0.006" classname="qaclickacademy.MavenJava.RestApiTest"/>
  <system-out/>
</testsuite> <!-- qaclickacademy.MavenJava.RestApiTest -->
